                              1 ;--------------------------------------------------------
                              2 ; File Created by SDCC : free open source ANSI-C Compiler
                              3 ; Version 3.1.2 #7349 (Feb 25 2012) (MINGW32)
                              4 ; This file was generated Sun Feb 26 04:10:27 2012
                              5 ;--------------------------------------------------------
                              6 	.module main
                              7 	.optsdcc -mz80
                              8 	
                              9 ;--------------------------------------------------------
                             10 ; Public variables in this module
                             11 ;--------------------------------------------------------
                             12 	.globl _main
                             13 	.globl _outp
                             14 ;--------------------------------------------------------
                             15 ; special function registers
                             16 ;--------------------------------------------------------
                             17 ;--------------------------------------------------------
                             18 ; ram data
                             19 ;--------------------------------------------------------
                             20 	.area _DATA
                             21 ;--------------------------------------------------------
                             22 ; absolute external ram data
                             23 ;--------------------------------------------------------
                             24 	.area _DABS (ABS)
                             25 ;--------------------------------------------------------
                             26 ; global & static initialisations
                             27 ;--------------------------------------------------------
                             28 	.area _HOME
                             29 	.area _GSINIT
                             30 	.area _GSFINAL
                             31 	.area _GSINIT
                             32 ;--------------------------------------------------------
                             33 ; Home
                             34 ;--------------------------------------------------------
                             35 	.area _HOME
                             36 	.area _HOME
                             37 ;--------------------------------------------------------
                             38 ; code
                             39 ;--------------------------------------------------------
                             40 	.area _CODE
                             41 ;main.c:6: int main(void)
                             42 ;	---------------------------------
                             43 ; Function main
                             44 ; ---------------------------------
   0000                      45 _main_start::
   0000                      46 _main:
                             47 ;main.c:8: outp(ADDR_IO_BEEP, 0x00);
   0000 21 40 00             48 	ld	hl,#0x0040
   0003 E5                   49 	push	hl
   0004 CDr00s00             50 	call	_outp
   0007 F1                   51 	pop	af
                             52 ;main.c:11: __endasm;
   0008 00                   53 	nop
                             54 ;main.c:13: outp(ADDR_IO_BEEP, 0xFF);
   0009 21 40 FF             55 	ld	hl,#0xFF40
   000C E5                   56 	push	hl
   000D CDr00s00             57 	call	_outp
   0010 F1                   58 	pop	af
                             59 ;main.c:15: return 0;
   0011 21 00 00             60 	ld	hl,#0x0000
   0014 C9                   61 	ret
   0015                      62 _main_end::
                             63 	.area _CODE
                             64 	.area _CABS (ABS)
