Assembler report for PC8001
Sat Feb 25 23:06:14 2012
Quartus II Version 11.0 Build 157 04/27/2011 SJ Web Edition


---------------------
; Table of Contents ;
---------------------
  1. Legal Notice
  2. Assembler Summary
  3. Assembler Settings
  4. Assembler Generated Files
  5. Assembler Device Options: D:/home/inouema/work/PC-8001/development/pc-8001on1chipmsx/PC8001.sof
  6. Assembler Device Options: D:/home/inouema/work/PC-8001/development/pc-8001on1chipmsx/PC8001.pof
  7. Assembler Messages



----------------
; Legal Notice ;
----------------
Copyright (C) 1991-2011 Altera Corporation
Your use of Altera Corporation's design tools, logic functions 
and other software and tools, and its AMPP partner logic 
functions, and any output files from any of the foregoing 
(including device programming or simulation files), and any 
associated documentation or information are expressly subject 
to the terms and conditions of the Altera Program License 
Subscription Agreement, Altera MegaCore Function License 
Agreement, or other applicable license agreement, including, 
without limitation, that your use is for the sole purpose of 
programming logic devices manufactured by Altera and sold by 
Altera or its authorized distributors.  Please refer to the 
applicable agreement for further details.



+---------------------------------------------------------------+
; Assembler Summary                                             ;
+-----------------------+---------------------------------------+
; Assembler Status      ; Successful - Sat Feb 25 23:06:14 2012 ;
; Revision Name         ; PC8001                                ;
; Top-level Entity Name ; pc8001                                ;
; Family                ; Cyclone                               ;
; Device                ; EP1C12Q240C8                          ;
+-----------------------+---------------------------------------+


+--------------------------------------------------------------------------------------------------------+
; Assembler Settings                                                                                     ;
+-----------------------------------------------------------------------------+----------+---------------+
; Option                                                                      ; Setting  ; Default Value ;
+-----------------------------------------------------------------------------+----------+---------------+
; Use smart compilation                                                       ; Off      ; Off           ;
; Enable parallel Assembler and TimeQuest Timing Analyzer during compilation  ; On       ; On            ;
; Enable compact report table                                                 ; Off      ; Off           ;
; Generate compressed bitstreams                                              ; On       ; On            ;
; Compression mode                                                            ; Off      ; Off           ;
; Clock source for configuration device                                       ; Internal ; Internal      ;
; Clock frequency of the configuration device                                 ; 10 MHZ   ; 10 MHz        ;
; Divide clock frequency by                                                   ; 1        ; 1             ;
; Auto user code                                                              ; Off      ; Off           ;
; Use configuration device                                                    ; On       ; On            ;
; Configuration device                                                        ; Auto     ; Auto          ;
; Configuration device auto user code                                         ; Off      ; Off           ;
; Auto-increment JTAG user code for multiple configuration devices            ; On       ; On            ;
; Generate Tabular Text File (.ttf) For Target Device                         ; Off      ; Off           ;
; Generate Raw Binary File (.rbf) For Target Device                           ; Off      ; Off           ;
; Generate Hexadecimal (Intel-Format) Output File (.hexout) for Target Device ; Off      ; Off           ;
; Hexadecimal Output File start address                                       ; 0        ; 0             ;
; Hexadecimal Output File count direction                                     ; Up       ; Up            ;
; Release clears before tri-states                                            ; Off      ; Off           ;
; Auto-restart configuration after error                                      ; On       ; On            ;
; Generate Serial Vector Format File (.svf) for Target Device                 ; Off      ; Off           ;
; Generate a JEDEC STAPL Format File (.jam) for Target Device                 ; Off      ; Off           ;
; Generate a compressed Jam STAPL Byte Code 2.0 File (.jbc) for Target Device ; Off      ; Off           ;
; Generate a compressed Jam STAPL Byte Code 2.0 File (.jbc) for Target Device ; On       ; On            ;
+-----------------------------------------------------------------------------+----------+---------------+


+-----------------------------------------------------------------------+
; Assembler Generated Files                                             ;
+-----------------------------------------------------------------------+
; File Name                                                             ;
+-----------------------------------------------------------------------+
; D:/home/inouema/work/PC-8001/development/pc-8001on1chipmsx/PC8001.sof ;
; D:/home/inouema/work/PC-8001/development/pc-8001on1chipmsx/PC8001.pof ;
+-----------------------------------------------------------------------+


+-------------------------------------------------------------------------------------------------+
; Assembler Device Options: D:/home/inouema/work/PC-8001/development/pc-8001on1chipmsx/PC8001.sof ;
+----------------+--------------------------------------------------------------------------------+
; Option         ; Setting                                                                        ;
+----------------+--------------------------------------------------------------------------------+
; Device         ; EP1C12Q240C8                                                                   ;
; JTAG usercode  ; 0xFFFFFFFF                                                                     ;
; Checksum       ; 0x0031BCF5                                                                     ;
+----------------+--------------------------------------------------------------------------------+


+-------------------------------------------------------------------------------------------------+
; Assembler Device Options: D:/home/inouema/work/PC-8001/development/pc-8001on1chipmsx/PC8001.pof ;
+--------------------+----------------------------------------------------------------------------+
; Option             ; Setting                                                                    ;
+--------------------+----------------------------------------------------------------------------+
; Device             ; EPCS4                                                                      ;
; JTAG usercode      ; 0x00000000                                                                 ;
; Checksum           ; 0x068FFDFD                                                                 ;
; Compression Ratio  ; 2                                                                          ;
+--------------------+----------------------------------------------------------------------------+


+--------------------+
; Assembler Messages ;
+--------------------+
Info: *******************************************************************
Info: Running Quartus II Assembler
    Info: Version 11.0 Build 157 04/27/2011 SJ Web Edition
    Info: Processing started: Sat Feb 25 23:06:13 2012
Info: Command: quartus_asm --read_settings_files=off --write_settings_files=off PC8001 -c PC8001
Info: Assembler is generating device programming files
Info: Quartus II Assembler was successful. 0 errors, 0 warnings
    Info: Peak virtual memory: 266 megabytes
    Info: Processing ended: Sat Feb 25 23:06:14 2012
    Info: Elapsed time: 00:00:01
    Info: Total CPU time (on all processors): 00:00:01


